<?xml version="1.0" encoding="UTF-8"?>
<!-- Generated by org.testng.reporters.JUnitReportReporter -->
<testsuite hostname="1W2JGY3" failures="0" tests="2" name="testNgConcepts.OpenCartTest" time="0.053" errors="0" timestamp="2024-01-25T21:44:43 IST" skipped="0">
  <testcase classname="testNgConcepts.OpenCartTest" name="getTitleTest" time="0.026"/>
  <testcase classname="testNgConcepts.OpenCartTest" name="getCurrentUrlTest" time="0.027"/>
</testsuite> <!-- testNgConcepts.OpenCartTest -->
