<?xml version="1.0" encoding="UTF-8"?>
<!-- Generated by org.testng.reporters.JUnitReportReporter -->
<testsuite hostname="1W2JGY3" failures="0" tests="5" name="testNgConcepts.TestNgAnnotationsConcept" time="0.008" errors="0" timestamp="2024-01-21T23:14:41 IST" skipped="0">
  <testcase classname="testNgConcepts.TestNgAnnotationsConcept" name="checkOutTest" time="0.002"/>
  <testcase classname="testNgConcepts.TestNgAnnotationsConcept" name="addToCartTest" time="0.000"/>
  <testcase classname="testNgConcepts.TestNgAnnotationsConcept" name="addToCartTest" time="0.004"/>
  <testcase classname="testNgConcepts.TestNgAnnotationsConcept" name="addToCartTest" time="0.001"/>
  <testcase classname="testNgConcepts.TestNgAnnotationsConcept" name="searchTest" time="0.001"/>
</testsuite> <!-- testNgConcepts.TestNgAnnotationsConcept -->
